# JRE version: OpenJDK Runtime Environment Temurin-21.0.8+9 (21.0.8+9) (build 21.0.8+9-LTS)
# Java VM: OpenJDK 64-Bit Server VM Temurin-21.0.8+9 (21.0.8+9-LTS, mixed mode, emulated-client, sharing, tiered, compressed oops, compressed class ptrs, g1 gc, windows-amd64)
GC Precious Log:
 CardTable entry size: 512
 Card Set container configuration: InlinePtr #cards 4 size 8 Array Of Cards #cards 16 size 48 Howl #buckets 8 coarsen threshold 3686 Howl Bitmap #cards 512 size 80 coarsen threshold 460 Card regions per heap region 1 cards per card region 4096
 CPUs: 20 total, 20 available
 Memory: 15940M
 Large Page Support: Disabled
 NUMA Support: Disabled
 Compressed Oops: Enabled (Zero based)
 Heap Region Size: 2M
 Heap Min Capacity: 8M
 Heap Initial Capacity: 250M
 Heap Max Capacity: 3986M
 Pre-touch: Disabled
 Parallel Workers: 15
 Concurrent Workers: 4
 Concurrent Refinement Workers: 15
 Periodic GC: Disabled
Heap:
 garbage-first heap   total 47104K, used 17706K [0x0000000706e00000, 0x0000000800000000)
  region size 2048K, 2 young (4096K), 2 survivors (4096K)
 Metaspace       used 28088K, committed 28608K, reserved 1114112K
  class space    used 3863K, committed 4096K, reserved 1048576K
GC Heap History (13 events):
Event: 0.398 GC heap before
{Heap before GC invocations=0 (full 0):
 garbage-first heap   total 256000K, used 22528K [0x0000000706e00000, 0x0000000800000000)
  region size 2048K, 11 young (22528K), 0 survivors (0K)
 Metaspace       used 6525K, committed 6720K, reserved 1114112K
  class space    used 793K, committed 896K, reserved 1048576K
}
Event: 0.402 GC heap after
{Heap after GC invocations=1 (full 0):
 garbage-first heap   total 256000K, used 7301K [0x0000000706e00000, 0x0000000800000000)
  region size 2048K, 2 young (4096K), 2 survivors (4096K)
 Metaspace       used 6525K, committed 6720K, reserved 1114112K
  class space    used 793K, committed 896K, reserved 1048576K
}
Event: 2.779 GC heap before
{Heap before GC invocations=1 (full 0):
 garbage-first heap   total 256000K, used 31877K [0x0000000706e00000, 0x0000000800000000)
  region size 2048K, 15 young (30720K), 2 survivors (4096K)
 Metaspace       used 13156K, committed 13440K, reserved 1114112K
  class space    used 1757K, committed 1856K, reserved 1048576K
}
Event: 2.782 GC heap after
{Heap after GC invocations=2 (full 0):
 garbage-first heap   total 256000K, used 9500K [0x0000000706e00000, 0x0000000800000000)
  region size 2048K, 2 young (4096K), 2 survivors (4096K)
 Metaspace       used 13156K, committed 13440K, reserved 1114112K
  class space    used 1757K, committed 1856K, reserved 1048576K
}
Event: 8.844 GC heap before
{Heap before GC invocations=2 (full 0):
 garbage-first heap   total 256000K, used 15644K [0x0000000706e00000, 0x0000000800000000)
  region size 2048K, 6 young (12288K), 2 survivors (4096K)
 Metaspace       used 14479K, committed 14912K, reserved 1114112K
  class space    used 1906K, committed 2112K, reserved 1048576K
}
Event: 8.850 GC heap after
{Heap after GC invocations=3 (full 0):
 garbage-first heap   total 256000K, used 9881K [0x0000000706e00000, 0x0000000800000000)
  region size 2048K, 2 young (4096K), 2 survivors (4096K)
 Metaspace       used 14479K, committed 14912K, reserved 1114112K
  class space    used 1906K, committed 2112K, reserved 1048576K
}
Event: 9.092 GC heap before
{Heap before GC invocations=4 (full 0):
 garbage-first heap   total 40960K, used 38553K [0x0000000706e00000, 0x0000000800000000)
  region size 2048K, 16 young (32768K), 2 survivors (4096K)
 Metaspace       used 19495K, committed 19840K, reserved 1114112K
  class space    used 2583K, committed 2752K, reserved 1048576K
}
Event: 9.096 GC heap after
{Heap after GC invocations=5 (full 0):
 garbage-first heap   total 47104K, used 12349K [0x0000000706e00000, 0x0000000800000000)
  region size 2048K, 2 young (4096K), 2 survivors (4096K)
 Metaspace       used 19495K, committed 19840K, reserved 1114112K
  class space    used 2583K, committed 2752K, reserved 1048576K
}
Event: 9.384 GC heap before
{Heap before GC invocations=5 (full 0):
 garbage-first heap   total 47104K, used 32829K [0x0000000706e00000, 0x0000000800000000)
  region size 2048K, 12 young (24576K), 2 survivors (4096K)
 Metaspace       used 21516K, committed 21888K, reserved 1114112K
  class space    used 2873K, committed 3072K, reserved 1048576K
}
Event: 9.388 GC heap after
{Heap after GC invocations=6 (full 0):
 garbage-first heap   total 47104K, used 13722K [0x0000000706e00000, 0x0000000800000000)
  region size 2048K, 1 young (2048K), 1 survivors (2048K)
 Metaspace       used 21516K, committed 21888K, reserved 1114112K
  class space    used 2873K, committed 3072K, reserved 1048576K
}
Event: 9.688 GC heap before
{Heap before GC invocations=6 (full 0):
 garbage-first heap   total 47104K, used 32154K [0x0000000706e00000, 0x0000000800000000)
  region size 2048K, 11 young (22528K), 1 survivors (2048K)
 Metaspace       used 24458K, committed 24896K, reserved 1114112K
  class space    used 3321K, committed 3520K, reserved 1048576K
}
Event: 9.692 GC heap after
{Heap after GC invocations=7 (full 0):
 garbage-first heap   total 47104K, used 15419K [0x0000000706e00000, 0x0000000800000000)
  region size 2048K, 2 young (4096K), 2 survivors (4096K)
 Metaspace       used 24458K, committed 24896K, reserved 1114112K
  class space    used 3321K, committed 3520K, reserved 1048576K
}
Event: 9.993 GC heap before
{Heap before GC invocations=8 (full 0):
 garbage-first heap   total 47104K, used 35899K [0x0000000706e00000, 0x0000000800000000)
  region size 2048K, 12 young (24576K), 2 survivors (4096K)
 Metaspace       used 28088K, committed 28608K, reserved 1114112K
  class space    used 3863K, committed 4096K, reserved 1048576K
}

